TN:
SF:/Users/dabrowskif/Documents/ctt-pig-latin/src/polyfills.ts
FNF:0
FNH:0
DA:46,1
DA:60,1
LF:2
LH:2
BRF:0
BRH:0
end_of_record
TN:
SF:/Users/dabrowskif/Documents/ctt-pig-latin/src/test.ts
FN:20,(anonymous_0)
FNF:1
FNH:1
FNDA:1,(anonymous_0)
DA:3,1
DA:4,1
DA:5,1
DA:6,1
DA:7,1
DA:8,1
DA:9,1
DA:10,1
DA:20,1
DA:24,1
DA:29,1
DA:31,1
DA:33,1
LF:13
LH:13
BRF:0
BRH:0
end_of_record
TN:
SF:/Users/dabrowskif/Documents/ctt-pig-latin/src/app/app.component.ts
FN:8,(anonymous_1)
FN:3,AppComponent
FNF:2
FNH:2
FNDA:1,(anonymous_1)
FNDA:1,AppComponent
DA:1,1
DA:8,1
DA:10,1
DA:12,1
DA:14,1
DA:15,1
LF:6
LH:6
BRF:0
BRH:0
end_of_record
TN:
SF:/Users/dabrowskif/Documents/ctt-pig-latin/src/app/modules/header/header.component.ts
FN:13,(anonymous_2)
FN:30,HeaderComponent
FN:36,(anonymous_4)
FNF:3
FNH:2
FNDA:1,(anonymous_2)
FNDA:2,HeaderComponent
FNDA:0,(anonymous_4)
DA:1,1
DA:13,1
DA:15,2
DA:16,2
DA:19,2
DA:20,2
DA:23,2
DA:24,2
DA:27,2
DA:28,2
DA:36,1
DA:37,0
DA:38,0
DA:41,1
LF:14
LH:12
BRF:0
BRH:0
end_of_record
TN:
SF:/Users/dabrowskif/Documents/ctt-pig-latin/src/app/modules/header/header.module.ts
FN:21,(anonymous_1)
FNF:1
FNH:1
FNDA:2,(anonymous_1)
DA:1,1
DA:2,1
DA:3,1
DA:4,1
DA:21,1
DA:22,1
LF:6
LH:6
BRF:0
BRH:0
end_of_record
TN:
SF:/Users/dabrowskif/Documents/ctt-pig-latin/src/app/modules/header/index.ts
FNF:0
FNH:0
DA:1,1
DA:2,1
LF:2
LH:2
BRF:0
BRH:0
end_of_record
TN:
SF:/Users/dabrowskif/Documents/ctt-pig-latin/src/app/modules/history/history.component.ts
FN:12,(anonymous_2)
FN:18,HistoryComponent
FN:14,(anonymous_4)
FN:26,(anonymous_5)
FNF:4
FNH:3
FNDA:1,(anonymous_2)
FNDA:1,HistoryComponent
FNDA:4,(anonymous_4)
FNDA:0,(anonymous_5)
DA:1,1
DA:2,1
DA:12,1
DA:14,1
DA:15,4
DA:19,1
DA:26,1
DA:27,0
DA:31,1
LF:9
LH:8
BRF:0
BRH:0
end_of_record
TN:
SF:/Users/dabrowskif/Documents/ctt-pig-latin/src/app/modules/history/history.module.ts
FN:27,(anonymous_2)
FN:28,HistoryModule
FNF:2
FNH:2
FNDA:1,(anonymous_2)
FNDA:1,HistoryModule
DA:1,1
DA:2,1
DA:3,1
DA:4,1
DA:5,1
DA:6,1
DA:27,1
DA:30,1
LF:8
LH:8
BRF:0
BRH:0
end_of_record
TN:
SF:/Users/dabrowskif/Documents/ctt-pig-latin/src/app/modules/history/history.service.ts
FN:6,(anonymous_2)
FN:14,HistoryService
FN:10,(anonymous_4)
FN:22,(anonymous_5)
FN:42,(anonymous_6)
FN:44,(anonymous_7)
FNF:6
FNH:3
FNDA:1,(anonymous_2)
FNDA:4,HistoryService
FNDA:4,(anonymous_4)
FNDA:0,(anonymous_5)
FNDA:0,(anonymous_6)
FNDA:0,(anonymous_7)
DA:1,1
DA:2,1
DA:6,1
DA:8,4
DA:10,1
DA:11,4
DA:15,4
DA:22,1
DA:24,0
DA:27,0
DA:28,0
DA:32,0
DA:42,1
DA:44,0
DA:45,0
DA:49,0
DA:51,0
DA:54,1
LF:18
LH:10
BRDA:27,0,0,0
BRDA:27,0,1,0
BRDA:49,1,0,0
BRDA:49,1,1,0
BRF:4
BRH:0
end_of_record
TN:
SF:/Users/dabrowskif/Documents/ctt-pig-latin/src/app/modules/history/index.ts
FNF:0
FNH:0
DA:1,1
DA:2,1
DA:3,1
LF:3
LH:3
BRF:0
BRH:0
end_of_record
TN:
SF:/Users/dabrowskif/Documents/ctt-pig-latin/src/app/modules/material-theme/index.ts
FNF:0
FNH:0
DA:1,1
LF:1
LH:1
BRF:0
BRH:0
end_of_record
TN:
SF:/Users/dabrowskif/Documents/ctt-pig-latin/src/app/modules/material-theme/material-theme.module.ts
FN:48,(anonymous_1)
FNF:1
FNH:1
FNDA:7,(anonymous_1)
DA:1,1
DA:2,1
DA:48,1
DA:49,1
LF:4
LH:4
BRF:0
BRH:0
end_of_record
TN:
SF:/Users/dabrowskif/Documents/ctt-pig-latin/src/app/modules/navigation/index.ts
FNF:0
FNH:0
DA:1,1
DA:2,1
LF:2
LH:2
BRF:0
BRH:0
end_of_record
TN:
SF:/Users/dabrowskif/Documents/ctt-pig-latin/src/app/modules/navigation/navigation.component.ts
FN:26,(anonymous_2)
FN:46,NavigationComponent
FN:36,(anonymous_4)
FN:52,(anonymous_5)
FN:56,(anonymous_6)
FN:59,(anonymous_7)
FN:67,(anonymous_8)
FN:75,(anonymous_9)
FN:82,(anonymous_10)
FNF:9
FNH:5
FNDA:1,(anonymous_2)
FNDA:2,NavigationComponent
FNDA:6,(anonymous_4)
FNDA:0,(anonymous_5)
FNDA:2,(anonymous_6)
FNDA:0,(anonymous_7)
FNDA:2,(anonymous_8)
FNDA:0,(anonymous_9)
FNDA:0,(anonymous_10)
DA:1,1
DA:12,1
DA:13,1
DA:26,1
DA:28,2
DA:29,2
DA:36,2
DA:37,6
DA:44,1
DA:51,2
DA:52,2
DA:53,2
DA:56,2
DA:58,2
DA:60,0
DA:67,1
DA:69,2
DA:75,1
DA:76,0
DA:82,1
DA:83,0
DA:84,0
DA:86,1
LF:23
LH:19
BRF:0
BRH:0
end_of_record
TN:
SF:/Users/dabrowskif/Documents/ctt-pig-latin/src/app/modules/navigation/navigation.module.ts
FN:27,(anonymous_1)
FNF:1
FNH:1
FNDA:2,(anonymous_1)
DA:1,1
DA:2,1
DA:3,1
DA:4,1
DA:5,1
DA:6,1
DA:27,1
DA:28,1
LF:8
LH:8
BRF:0
BRH:0
end_of_record
TN:
SF:/Users/dabrowskif/Documents/ctt-pig-latin/src/app/modules/routing/index.ts
FNF:0
FNH:0
DA:1,1
LF:1
LH:1
BRF:0
BRH:0
end_of_record
TN:
SF:/Users/dabrowskif/Documents/ctt-pig-latin/src/app/modules/routing/routing.module.ts
FN:40,(anonymous_2)
FN:41,RoutingModule
FNF:2
FNH:2
FNDA:1,(anonymous_2)
FNDA:1,RoutingModule
DA:1,1
DA:2,1
DA:3,1
DA:4,1
DA:5,1
DA:8,1
DA:40,1
DA:43,1
LF:8
LH:8
BRF:0
BRH:0
end_of_record
TN:
SF:/Users/dabrowskif/Documents/ctt-pig-latin/src/app/modules/sentence-translator/index.ts
FNF:0
FNH:0
DA:1,1
DA:2,1
DA:3,1
LF:3
LH:3
BRF:0
BRH:0
end_of_record
TN:
SF:/Users/dabrowskif/Documents/ctt-pig-latin/src/app/modules/sentence-translator/sentence-translator.component.ts
FN:12,(anonymous_2)
FN:36,SentenceTranslatorComponent
FN:17,(anonymous_4)
FN:23,(anonymous_5)
FN:27,(anonymous_6)
FN:44,(anonymous_7)
FN:49,(anonymous_8)
FN:55,(anonymous_9)
FN:64,(anonymous_10)
FNF:9
FNH:6
FNDA:1,(anonymous_2)
FNDA:1,SentenceTranslatorComponent
FNDA:2,(anonymous_4)
FNDA:2,(anonymous_5)
FNDA:0,(anonymous_6)
FNDA:1,(anonymous_7)
FNDA:0,(anonymous_8)
FNDA:1,(anonymous_9)
FNDA:0,(anonymous_10)
DA:1,1
DA:2,1
DA:3,1
DA:12,1
DA:14,1
DA:17,1
DA:18,2
DA:22,1
DA:23,1
DA:24,2
DA:28,0
DA:30,0
DA:33,1
DA:34,1
DA:37,1
DA:38,1
DA:41,1
DA:44,1
DA:46,1
DA:49,1
DA:51,0
DA:55,1
DA:57,1
DA:64,1
DA:65,0
DA:68,1
LF:26
LH:22
BRF:0
BRH:0
end_of_record
TN:
SF:/Users/dabrowskif/Documents/ctt-pig-latin/src/app/modules/sentence-translator/sentence-translator.module.ts
FN:31,(anonymous_2)
FN:32,SentenceTranslatorModule
FNF:2
FNH:2
FNDA:1,(anonymous_2)
FNDA:1,SentenceTranslatorModule
DA:1,1
DA:2,1
DA:3,1
DA:4,1
DA:5,1
DA:6,1
DA:7,1
DA:31,1
DA:34,1
LF:9
LH:9
BRF:0
BRH:0
end_of_record
TN:
SF:/Users/dabrowskif/Documents/ctt-pig-latin/src/app/modules/sentence-translator/sentence-translator.service.ts
FN:16,(anonymous_2)
FN:26,SentenceTranslatorService
FN:35,(anonymous_4)
FN:43,(anonymous_5)
FN:62,(anonymous_6)
FN:68,(anonymous_7)
FN:78,(anonymous_8)
FN:87,(anonymous_9)
FN:97,(anonymous_10)
FN:135,(anonymous_11)
FN:137,(anonymous_12)
FNF:11
FNH:3
FNDA:1,(anonymous_2)
FNDA:2,SentenceTranslatorService
FNDA:1,(anonymous_4)
FNDA:0,(anonymous_5)
FNDA:0,(anonymous_6)
FNDA:0,(anonymous_7)
FNDA:0,(anonymous_8)
FNDA:0,(anonymous_9)
FNDA:0,(anonymous_10)
FNDA:0,(anonymous_11)
FNDA:0,(anonymous_12)
DA:1,1
DA:2,1
DA:3,1
DA:4,1
DA:5,1
DA:6,1
DA:7,1
DA:8,1
DA:9,1
DA:10,1
DA:11,1
DA:12,1
DA:13,1
DA:16,1
DA:24,2
DA:27,2
DA:28,2
DA:35,1
DA:37,1
DA:40,1
DA:45,0
DA:47,0
DA:51,0
DA:53,0
DA:55,0
DA:59,0
DA:63,0
DA:70,0
DA:72,0
DA:75,0
DA:80,0
DA:87,1
DA:89,0
DA:91,0
DA:97,1
DA:107,0
DA:108,0
DA:111,0
DA:113,0
DA:114,0
DA:115,0
DA:118,0
DA:119,0
DA:120,0
DA:122,0
DA:125,0
DA:126,0
DA:129,0
DA:135,0
DA:137,0
DA:138,0
DA:140,0
DA:142,0
DA:146,0
DA:148,0
DA:150,0
DA:152,0
DA:153,0
DA:155,0
DA:159,0
DA:161,0
DA:165,0
DA:166,0
DA:170,0
DA:174,0
DA:177,0
DA:182,0
DA:183,0
DA:184,0
DA:186,0
DA:187,0
DA:188,0
DA:192,0
DA:194,0
DA:195,0
DA:197,0
DA:198,0
DA:203,0
DA:206,0
DA:208,0
DA:211,1
LF:81
LH:23
BRDA:45,0,0,0
BRDA:45,0,1,0
BRDA:45,1,0,0
BRDA:45,1,1,0
BRDA:51,2,0,0
BRDA:51,2,1,0
BRDA:51,3,0,0
BRDA:51,3,1,0
BRDA:70,4,0,0
BRDA:70,4,1,0
BRDA:70,5,0,0
BRDA:70,5,1,0
BRDA:111,6,0,0
BRDA:111,6,1,0
BRDA:140,7,0,0
BRDA:140,7,1,0
BRDA:150,8,0,0
BRDA:150,8,1,0
BRDA:152,9,0,0
BRDA:152,9,1,0
BRDA:159,10,0,0
BRDA:159,10,1,0
BRDA:159,11,0,0
BRDA:159,11,1,0
BRDA:165,12,0,0
BRDA:165,12,1,0
BRDA:183,13,0,0
BRDA:183,13,1,0
BRDA:187,14,0,0
BRDA:187,14,1,0
BRDA:197,15,0,0
BRDA:197,15,1,0
BRF:32
BRH:0
end_of_record
TN:
SF:/Users/dabrowskif/Documents/ctt-pig-latin/src/app/modules/settings/index.ts
FNF:0
FNH:0
DA:1,1
DA:2,1
DA:3,1
LF:3
LH:3
BRF:0
BRH:0
end_of_record
TN:
SF:/Users/dabrowskif/Documents/ctt-pig-latin/src/app/modules/settings/settings.component.ts
FN:11,(anonymous_2)
FN:53,SettingsComponent
FN:13,(anonymous_4)
FN:17,(anonymous_5)
FN:21,(anonymous_6)
FN:25,(anonymous_7)
FN:29,(anonymous_8)
FN:33,(anonymous_9)
FN:37,(anonymous_10)
FN:41,(anonymous_11)
FN:45,(anonymous_12)
FN:49,(anonymous_13)
FNF:12
FNH:7
FNDA:1,(anonymous_2)
FNDA:1,SettingsComponent
FNDA:4,(anonymous_4)
FNDA:0,(anonymous_5)
FNDA:4,(anonymous_6)
FNDA:0,(anonymous_7)
FNDA:2,(anonymous_8)
FNDA:0,(anonymous_9)
FNDA:4,(anonymous_10)
FNDA:0,(anonymous_11)
FNDA:4,(anonymous_12)
FNDA:0,(anonymous_13)
DA:1,1
DA:2,1
DA:11,1
DA:13,1
DA:14,4
DA:18,0
DA:21,1
DA:22,4
DA:26,0
DA:29,1
DA:30,2
DA:34,0
DA:37,1
DA:38,4
DA:42,0
DA:45,1
DA:46,4
DA:50,0
DA:54,1
DA:57,1
LF:20
LH:15
BRF:0
BRH:0
end_of_record
TN:
SF:/Users/dabrowskif/Documents/ctt-pig-latin/src/app/modules/settings/settings.module.ts
FN:25,(anonymous_2)
FN:26,SettingsModule
FNF:2
FNH:2
FNDA:1,(anonymous_2)
FNDA:1,SettingsModule
DA:1,1
DA:2,1
DA:3,1
DA:4,1
DA:5,1
DA:25,1
DA:28,1
LF:7
LH:7
BRF:0
BRH:0
end_of_record
TN:
SF:/Users/dabrowskif/Documents/ctt-pig-latin/src/app/modules/settings/settings.service.ts
FN:8,(anonymous_2)
FN:34,SettingsService
FN:21,(anonymous_4)
FN:16,(anonymous_5)
FN:66,(anonymous_6)
FN:68,(anonymous_7)
FNF:6
FNH:5
FNDA:1,(anonymous_2)
FNDA:6,SettingsService
FNDA:0,(anonymous_4)
FNDA:6,(anonymous_5)
FNDA:6,(anonymous_6)
FNDA:12,(anonymous_7)
DA:1,1
DA:8,1
DA:10,6
DA:12,6
DA:15,6
DA:16,1
DA:18,6
DA:22,0
DA:26,6
DA:29,6
DA:32,6
DA:36,6
DA:66,1
DA:68,6
DA:70,12
DA:73,12
DA:74,0
DA:77,12
DA:80,12
DA:81,12
DA:85,1
LF:21
LH:19
BRDA:73,0,0,0
BRDA:73,0,1,12
BRF:2
BRH:1
end_of_record
